Analysis & Synthesis report for md5-cracker
Wed Feb 01 20:07:45 2023
Quartus II 64-Bit Version 13.0.1 Build 232 06/12/2013 Service Pack 1 SJ Web Edition


---------------------
; Table of Contents ;
---------------------
  1. Legal Notice
  2. Analysis & Synthesis Summary
  3. Analysis & Synthesis Settings
  4. Parallel Compilation
  5. Analysis & Synthesis Source Files Read
  6. Analysis & Synthesis Resource Usage Summary
  7. Analysis & Synthesis Resource Utilization by Entity
  8. State Machine - |TOP_UART2WB|UART2WBM:uart2wbm_i|fsm_pstate
  9. State Machine - |TOP_UART2WB|UART2WBM:uart2wbm_i|UART:uart_i|UART_TX:uart_tx_i|tx_pstate
 10. State Machine - |TOP_UART2WB|UART2WBM:uart2wbm_i|UART:uart_i|UART_RX:uart_rx_i|fsm_pstate
 11. Registers Protected by Synthesis
 12. Registers Removed During Synthesis
 13. General Register Statistics
 14. Inverted Register Statistics
 15. Multiplexer Restructuring Statistics (Restructuring Performed)
 16. Source assignments for RST_SYNC:rst_sync_i
 17. Parameter Settings for User Entity Instance: UART2WBM:uart2wbm_i
 18. Parameter Settings for User Entity Instance: UART2WBM:uart2wbm_i|UART:uart_i
 19. Parameter Settings for User Entity Instance: UART2WBM:uart2wbm_i|UART:uart_i|UART_CLK_DIV:os_clk_divider_i
 20. Parameter Settings for User Entity Instance: UART2WBM:uart2wbm_i|UART:uart_i|UART_DEBOUNCER:\use_debouncer_g:debouncer_i
 21. Parameter Settings for User Entity Instance: UART2WBM:uart2wbm_i|UART:uart_i|UART_RX:uart_rx_i
 22. Parameter Settings for User Entity Instance: UART2WBM:uart2wbm_i|UART:uart_i|UART_RX:uart_rx_i|UART_CLK_DIV:rx_clk_divider_i
 23. Parameter Settings for User Entity Instance: UART2WBM:uart2wbm_i|UART:uart_i|UART_TX:uart_tx_i
 24. Parameter Settings for User Entity Instance: UART2WBM:uart2wbm_i|UART:uart_i|UART_TX:uart_tx_i|UART_CLK_DIV:tx_clk_divider_i
 25. Port Connectivity Checks: "UART2WBM:uart2wbm_i|UART:uart_i|UART_CLK_DIV:os_clk_divider_i"
 26. Port Connectivity Checks: "UART2WBM:uart2wbm_i|UART:uart_i"
 27. Port Connectivity Checks: "UART2WBM:uart2wbm_i"
 28. Elapsed Time Per Partition
 29. Analysis & Synthesis Messages



----------------
; Legal Notice ;
----------------
Copyright (C) 1991-2013 Altera Corporation
Your use of Altera Corporation's design tools, logic functions 
and other software and tools, and its AMPP partner logic 
functions, and any output files from any of the foregoing 
(including device programming or simulation files), and any 
associated documentation or information are expressly subject 
to the terms and conditions of the Altera Program License 
Subscription Agreement, Altera MegaCore Function License 
Agreement, or other applicable license agreement, including, 
without limitation, that your use is for the sole purpose of 
programming logic devices manufactured by Altera and sold by 
Altera or its authorized distributors.  Please refer to the 
applicable agreement for further details.



+--------------------------------------------------------------------------------------+
; Analysis & Synthesis Summary                                                         ;
+------------------------------------+-------------------------------------------------+
; Analysis & Synthesis Status        ; Successful - Wed Feb 01 20:07:45 2023           ;
; Quartus II 64-Bit Version          ; 13.0.1 Build 232 06/12/2013 SP 1 SJ Web Edition ;
; Revision Name                      ; md5-cracker                                     ;
; Top-level Entity Name              ; TOP_UART2WB                                     ;
; Family                             ; Cyclone II                                      ;
; Total logic elements               ; 275                                             ;
;     Total combinational functions  ; 141                                             ;
;     Dedicated logic registers      ; 224                                             ;
; Total registers                    ; 224                                             ;
; Total pins                         ; 4                                               ;
; Total virtual pins                 ; 0                                               ;
; Total memory bits                  ; 0                                               ;
; Embedded Multiplier 9-bit elements ; 0                                               ;
; Total PLLs                         ; 0                                               ;
+------------------------------------+-------------------------------------------------+


+----------------------------------------------------------------------------------------------------------------------+
; Analysis & Synthesis Settings                                                                                        ;
+----------------------------------------------------------------------------+--------------------+--------------------+
; Option                                                                     ; Setting            ; Default Value      ;
+----------------------------------------------------------------------------+--------------------+--------------------+
; Device                                                                     ; EP2C35F672C6       ;                    ;
; Top-level entity name                                                      ; top_uart2wb        ; md5-cracker        ;
; Family name                                                                ; Cyclone II         ; Cyclone IV GX      ;
; Use smart compilation                                                      ; Off                ; Off                ;
; Enable parallel Assembler and TimeQuest Timing Analyzer during compilation ; On                 ; On                 ;
; Enable compact report table                                                ; Off                ; Off                ;
; Restructure Multiplexers                                                   ; Auto               ; Auto               ;
; Create Debugging Nodes for IP Cores                                        ; Off                ; Off                ;
; Preserve fewer node names                                                  ; On                 ; On                 ;
; Disable OpenCore Plus hardware evaluation                                  ; Off                ; Off                ;
; Verilog Version                                                            ; Verilog_2001       ; Verilog_2001       ;
; VHDL Version                                                               ; VHDL_1993          ; VHDL_1993          ;
; State Machine Processing                                                   ; Auto               ; Auto               ;
; Safe State Machine                                                         ; Off                ; Off                ;
; Extract Verilog State Machines                                             ; On                 ; On                 ;
; Extract VHDL State Machines                                                ; On                 ; On                 ;
; Ignore Verilog initial constructs                                          ; Off                ; Off                ;
; Iteration limit for constant Verilog loops                                 ; 5000               ; 5000               ;
; Iteration limit for non-constant Verilog loops                             ; 250                ; 250                ;
; Add Pass-Through Logic to Inferred RAMs                                    ; On                 ; On                 ;
; Infer RAMs from Raw Logic                                                  ; On                 ; On                 ;
; Parallel Synthesis                                                         ; On                 ; On                 ;
; DSP Block Balancing                                                        ; Auto               ; Auto               ;
; NOT Gate Push-Back                                                         ; On                 ; On                 ;
; Power-Up Don't Care                                                        ; On                 ; On                 ;
; Remove Redundant Logic Cells                                               ; Off                ; Off                ;
; Remove Duplicate Registers                                                 ; On                 ; On                 ;
; Ignore CARRY Buffers                                                       ; Off                ; Off                ;
; Ignore CASCADE Buffers                                                     ; Off                ; Off                ;
; Ignore GLOBAL Buffers                                                      ; Off                ; Off                ;
; Ignore ROW GLOBAL Buffers                                                  ; Off                ; Off                ;
; Ignore LCELL Buffers                                                       ; Off                ; Off                ;
; Ignore SOFT Buffers                                                        ; On                 ; On                 ;
; Limit AHDL Integers to 32 Bits                                             ; Off                ; Off                ;
; Optimization Technique                                                     ; Balanced           ; Balanced           ;
; Carry Chain Length                                                         ; 70                 ; 70                 ;
; Auto Carry Chains                                                          ; On                 ; On                 ;
; Auto Open-Drain Pins                                                       ; On                 ; On                 ;
; Perform WYSIWYG Primitive Resynthesis                                      ; Off                ; Off                ;
; Auto ROM Replacement                                                       ; On                 ; On                 ;
; Auto RAM Replacement                                                       ; On                 ; On                 ;
; Auto Shift Register Replacement                                            ; Auto               ; Auto               ;
; Allow Shift Register Merging across Hierarchies                            ; Auto               ; Auto               ;
; Auto Clock Enable Replacement                                              ; On                 ; On                 ;
; Strict RAM Replacement                                                     ; Off                ; Off                ;
; Allow Synchronous Control Signals                                          ; On                 ; On                 ;
; Force Use of Synchronous Clear Signals                                     ; Off                ; Off                ;
; Auto RAM to Logic Cell Conversion                                          ; Off                ; Off                ;
; Auto Resource Sharing                                                      ; Off                ; Off                ;
; Allow Any RAM Size For Recognition                                         ; Off                ; Off                ;
; Allow Any ROM Size For Recognition                                         ; Off                ; Off                ;
; Allow Any Shift Register Size For Recognition                              ; Off                ; Off                ;
; Use LogicLock Constraints during Resource Balancing                        ; On                 ; On                 ;
; Ignore translate_off and synthesis_off directives                          ; Off                ; Off                ;
; Timing-Driven Synthesis                                                    ; Off                ; Off                ;
; Report Parameter Settings                                                  ; On                 ; On                 ;
; Report Source Assignments                                                  ; On                 ; On                 ;
; Report Connectivity Checks                                                 ; On                 ; On                 ;
; Ignore Maximum Fan-Out Assignments                                         ; Off                ; Off                ;
; Synchronization Register Chain Length                                      ; 2                  ; 2                  ;
; PowerPlay Power Optimization                                               ; Normal compilation ; Normal compilation ;
; HDL message level                                                          ; Level2             ; Level2             ;
; Suppress Register Optimization Related Messages                            ; Off                ; Off                ;
; Number of Removed Registers Reported in Synthesis Report                   ; 5000               ; 5000               ;
; Number of Swept Nodes Reported in Synthesis Report                         ; 5000               ; 5000               ;
; Number of Inverted Registers Reported in Synthesis Report                  ; 100                ; 100                ;
; Clock MUX Protection                                                       ; On                 ; On                 ;
; Auto Gated Clock Conversion                                                ; Off                ; Off                ;
; Block Design Naming                                                        ; Auto               ; Auto               ;
; SDC constraint protection                                                  ; Off                ; Off                ;
; Synthesis Effort                                                           ; Auto               ; Auto               ;
; Shift Register Replacement - Allow Asynchronous Clear Signal               ; On                 ; On                 ;
; Pre-Mapping Resynthesis Optimization                                       ; Off                ; Off                ;
; Analysis & Synthesis Message Level                                         ; Medium             ; Medium             ;
; Disable Register Merging Across Hierarchies                                ; Auto               ; Auto               ;
; Resource Aware Inference For Block RAM                                     ; On                 ; On                 ;
; Synthesis Seed                                                             ; 1                  ; 1                  ;
+----------------------------------------------------------------------------+--------------------+--------------------+


Parallel compilation was disabled, but you have multiple processors available. Enable parallel compilation to reduce compilation time.
+-------------------------------------+
; Parallel Compilation                ;
+----------------------------+--------+
; Processors                 ; Number ;
+----------------------------+--------+
; Number detected on machine ; 12     ;
; Maximum allowed            ; 1      ;
+----------------------------+--------+


+-------------------------------------------------------------------------------------------------------------------------------------------------------------------------+
; Analysis & Synthesis Source Files Read                                                                                                                                  ;
+-------------------------------------------+-----------------+-----------------+-------------------------------------------------------------------------------+---------+
; File Name with User-Entered Path          ; Used in Netlist ; File Type       ; File Name with Absolute Path                                                  ; Library ;
+-------------------------------------------+-----------------+-----------------+-------------------------------------------------------------------------------+---------+
; common/rst_sync.vhd                       ; yes             ; User VHDL File  ; C:/Users/tjaro/projects/md5-cracker/common/rst_sync.vhd                       ;         ;
; uart2wbm.vhd                              ; yes             ; User VHDL File  ; C:/Users/tjaro/projects/md5-cracker/uart2wbm.vhd                              ;         ;
; uart-for-fpga/rtl/uart.vhd                ; yes             ; User VHDL File  ; C:/Users/tjaro/projects/md5-cracker/uart-for-fpga/rtl/uart.vhd                ;         ;
; uart-for-fpga/rtl/comp/uart_tx.vhd        ; yes             ; User VHDL File  ; C:/Users/tjaro/projects/md5-cracker/uart-for-fpga/rtl/comp/uart_tx.vhd        ;         ;
; uart-for-fpga/rtl/comp/uart_rx.vhd        ; yes             ; User VHDL File  ; C:/Users/tjaro/projects/md5-cracker/uart-for-fpga/rtl/comp/uart_rx.vhd        ;         ;
; uart-for-fpga/rtl/comp/uart_parity.vhd    ; yes             ; User VHDL File  ; C:/Users/tjaro/projects/md5-cracker/uart-for-fpga/rtl/comp/uart_parity.vhd    ;         ;
; uart-for-fpga/rtl/comp/uart_debouncer.vhd ; yes             ; User VHDL File  ; C:/Users/tjaro/projects/md5-cracker/uart-for-fpga/rtl/comp/uart_debouncer.vhd ;         ;
; uart-for-fpga/rtl/comp/uart_clk_div.vhd   ; yes             ; User VHDL File  ; C:/Users/tjaro/projects/md5-cracker/uart-for-fpga/rtl/comp/uart_clk_div.vhd   ;         ;
; top_uart2wb.vhd                           ; yes             ; User VHDL File  ; C:/Users/tjaro/projects/md5-cracker/top_uart2wb.vhd                           ;         ;
+-------------------------------------------+-----------------+-----------------+-------------------------------------------------------------------------------+---------+


+--------------------------------------------------------+
; Analysis & Synthesis Resource Usage Summary            ;
+---------------------------------------------+----------+
; Resource                                    ; Usage    ;
+---------------------------------------------+----------+
; Estimated Total logic elements              ; 275      ;
;                                             ;          ;
; Total combinational functions               ; 141      ;
; Logic element usage by number of LUT inputs ;          ;
;     -- 4 input functions                    ; 65       ;
;     -- 3 input functions                    ; 43       ;
;     -- <=2 input functions                  ; 33       ;
;                                             ;          ;
; Logic elements by mode                      ;          ;
;     -- normal mode                          ; 137      ;
;     -- arithmetic mode                      ; 4        ;
;                                             ;          ;
; Total registers                             ; 224      ;
;     -- Dedicated logic registers            ; 224      ;
;     -- I/O registers                        ; 0        ;
;                                             ;          ;
; I/O pins                                    ; 4        ;
; Embedded Multiplier 9-bit elements          ; 0        ;
; Maximum fan-out node                        ; CLOCK_50 ;
; Maximum fan-out                             ; 224      ;
; Total fan-out                               ; 1082     ;
; Average fan-out                             ; 2.93     ;
+---------------------------------------------+----------+


+----------------------------------------------------------------------------------------------------------------------------------------------------------------------------------------------------------------------------------------------------------------------------------+
; Analysis & Synthesis Resource Utilization by Entity                                                                                                                                                                                                                              ;
+--------------------------------------------------------+-------------------+--------------+-------------+--------------+---------+-----------+------+--------------+----------------------------------------------------------------------------------------------+--------------+
; Compilation Hierarchy Node                             ; LC Combinationals ; LC Registers ; Memory Bits ; DSP Elements ; DSP 9x9 ; DSP 18x18 ; Pins ; Virtual Pins ; Full Hierarchy Name                                                                          ; Library Name ;
+--------------------------------------------------------+-------------------+--------------+-------------+--------------+---------+-----------+------+--------------+----------------------------------------------------------------------------------------------+--------------+
; |TOP_UART2WB                                           ; 141 (38)          ; 224 (65)     ; 0           ; 0            ; 0       ; 0         ; 4    ; 0            ; |TOP_UART2WB                                                                                 ; work         ;
;    |RST_SYNC:rst_sync_i|                               ; 0 (0)             ; 2 (2)        ; 0           ; 0            ; 0       ; 0         ; 0    ; 0            ; |TOP_UART2WB|RST_SYNC:rst_sync_i                                                             ; work         ;
;    |UART2WBM:uart2wbm_i|                               ; 103 (42)          ; 157 (102)    ; 0           ; 0            ; 0       ; 0         ; 0    ; 0            ; |TOP_UART2WB|UART2WBM:uart2wbm_i                                                             ; work         ;
;       |UART:uart_i|                                    ; 61 (1)            ; 55 (2)       ; 0           ; 0            ; 0       ; 0         ; 0    ; 0            ; |TOP_UART2WB|UART2WBM:uart2wbm_i|UART:uart_i                                                 ; work         ;
;          |UART_CLK_DIV:os_clk_divider_i|               ; 8 (8)             ; 6 (6)        ; 0           ; 0            ; 0       ; 0         ; 0    ; 0            ; |TOP_UART2WB|UART2WBM:uart2wbm_i|UART:uart_i|UART_CLK_DIV:os_clk_divider_i                   ; work         ;
;          |UART_DEBOUNCER:\use_debouncer_g:debouncer_i| ; 2 (2)             ; 4 (4)        ; 0           ; 0            ; 0       ; 0         ; 0    ; 0            ; |TOP_UART2WB|UART2WBM:uart2wbm_i|UART:uart_i|UART_DEBOUNCER:\use_debouncer_g:debouncer_i     ; work         ;
;          |UART_RX:uart_rx_i|                           ; 21 (13)           ; 21 (16)      ; 0           ; 0            ; 0       ; 0         ; 0    ; 0            ; |TOP_UART2WB|UART2WBM:uart2wbm_i|UART:uart_i|UART_RX:uart_rx_i                               ; work         ;
;             |UART_CLK_DIV:rx_clk_divider_i|            ; 8 (8)             ; 5 (5)        ; 0           ; 0            ; 0       ; 0         ; 0    ; 0            ; |TOP_UART2WB|UART2WBM:uart2wbm_i|UART:uart_i|UART_RX:uart_rx_i|UART_CLK_DIV:rx_clk_divider_i ; work         ;
;          |UART_TX:uart_tx_i|                           ; 29 (20)           ; 22 (17)      ; 0           ; 0            ; 0       ; 0         ; 0    ; 0            ; |TOP_UART2WB|UART2WBM:uart2wbm_i|UART:uart_i|UART_TX:uart_tx_i                               ; work         ;
;             |UART_CLK_DIV:tx_clk_divider_i|            ; 9 (9)             ; 5 (5)        ; 0           ; 0            ; 0       ; 0         ; 0    ; 0            ; |TOP_UART2WB|UART2WBM:uart2wbm_i|UART:uart_i|UART_TX:uart_tx_i|UART_CLK_DIV:tx_clk_divider_i ; work         ;
+--------------------------------------------------------+-------------------+--------------+-------------+--------------+---------+-----------+------+--------------+----------------------------------------------------------------------------------------------+--------------+
Note: For table entries with two numbers listed, the numbers in parentheses indicate the number of resources of the given type used by the specific entity alone. The numbers listed outside of parentheses indicate the total resources of the given type used by the specific entity and all of its sub-entities in the hierarchy.


Encoding Type:  One-Hot
+---------------------------------------------------------------------------------------------------------------------------------------------------------------------------------------------------------------------------------------------------------------------------------------------------------+
; State Machine - |TOP_UART2WB|UART2WBM:uart2wbm_i|fsm_pstate                                                                                                                                                                                                                                             ;
+----------------------+-----------------+-----------------+-----------------+-----------------+---------------------+---------------------+--------------------+------------------+------------------+------------------+------------------+----------------------+---------------------+----------------+
; Name                 ; fsm_pstate.din3 ; fsm_pstate.din2 ; fsm_pstate.din1 ; fsm_pstate.din0 ; fsm_pstate.response ; fsm_pstate.wait4ack ; fsm_pstate.request ; fsm_pstate.dout3 ; fsm_pstate.dout2 ; fsm_pstate.dout1 ; fsm_pstate.dout0 ; fsm_pstate.addr_high ; fsm_pstate.addr_low ; fsm_pstate.cmd ;
+----------------------+-----------------+-----------------+-----------------+-----------------+---------------------+---------------------+--------------------+------------------+------------------+------------------+------------------+----------------------+---------------------+----------------+
; fsm_pstate.cmd       ; 0               ; 0               ; 0               ; 0               ; 0                   ; 0                   ; 0                  ; 0                ; 0                ; 0                ; 0                ; 0                    ; 0                   ; 0              ;
; fsm_pstate.addr_low  ; 0               ; 0               ; 0               ; 0               ; 0                   ; 0                   ; 0                  ; 0                ; 0                ; 0                ; 0                ; 0                    ; 1                   ; 1              ;
; fsm_pstate.addr_high ; 0               ; 0               ; 0               ; 0               ; 0                   ; 0                   ; 0                  ; 0                ; 0                ; 0                ; 0                ; 1                    ; 0                   ; 1              ;
; fsm_pstate.dout0     ; 0               ; 0               ; 0               ; 0               ; 0                   ; 0                   ; 0                  ; 0                ; 0                ; 0                ; 1                ; 0                    ; 0                   ; 1              ;
; fsm_pstate.dout1     ; 0               ; 0               ; 0               ; 0               ; 0                   ; 0                   ; 0                  ; 0                ; 0                ; 1                ; 0                ; 0                    ; 0                   ; 1              ;
; fsm_pstate.dout2     ; 0               ; 0               ; 0               ; 0               ; 0                   ; 0                   ; 0                  ; 0                ; 1                ; 0                ; 0                ; 0                    ; 0                   ; 1              ;
; fsm_pstate.dout3     ; 0               ; 0               ; 0               ; 0               ; 0                   ; 0                   ; 0                  ; 1                ; 0                ; 0                ; 0                ; 0                    ; 0                   ; 1              ;
; fsm_pstate.request   ; 0               ; 0               ; 0               ; 0               ; 0                   ; 0                   ; 1                  ; 0                ; 0                ; 0                ; 0                ; 0                    ; 0                   ; 1              ;
; fsm_pstate.wait4ack  ; 0               ; 0               ; 0               ; 0               ; 0                   ; 1                   ; 0                  ; 0                ; 0                ; 0                ; 0                ; 0                    ; 0                   ; 1              ;
; fsm_pstate.response  ; 0               ; 0               ; 0               ; 0               ; 1                   ; 0                   ; 0                  ; 0                ; 0                ; 0                ; 0                ; 0                    ; 0                   ; 1              ;
; fsm_pstate.din0      ; 0               ; 0               ; 0               ; 1               ; 0                   ; 0                   ; 0                  ; 0                ; 0                ; 0                ; 0                ; 0                    ; 0                   ; 1              ;
; fsm_pstate.din1      ; 0               ; 0               ; 1               ; 0               ; 0                   ; 0                   ; 0                  ; 0                ; 0                ; 0                ; 0                ; 0                    ; 0                   ; 1              ;
; fsm_pstate.din2      ; 0               ; 1               ; 0               ; 0               ; 0                   ; 0                   ; 0                  ; 0                ; 0                ; 0                ; 0                ; 0                    ; 0                   ; 1              ;
; fsm_pstate.din3      ; 1               ; 0               ; 0               ; 0               ; 0                   ; 0                   ; 0                  ; 0                ; 0                ; 0                ; 0                ; 0                    ; 0                   ; 1              ;
+----------------------+-----------------+-----------------+-----------------+-----------------+---------------------+---------------------+--------------------+------------------+------------------+------------------+------------------+----------------------+---------------------+----------------+


Encoding Type:  One-Hot
+---------------------------------------------------------------------------------------------------------------------------------------------+
; State Machine - |TOP_UART2WB|UART2WBM:uart2wbm_i|UART:uart_i|UART_TX:uart_tx_i|tx_pstate                                                    ;
+---------------------+-------------------+---------------------+--------------------+--------------------+------------------+----------------+
; Name                ; tx_pstate.stopbit ; tx_pstate.paritybit ; tx_pstate.databits ; tx_pstate.startbit ; tx_pstate.txsync ; tx_pstate.idle ;
+---------------------+-------------------+---------------------+--------------------+--------------------+------------------+----------------+
; tx_pstate.idle      ; 0                 ; 0                   ; 0                  ; 0                  ; 0                ; 0              ;
; tx_pstate.txsync    ; 0                 ; 0                   ; 0                  ; 0                  ; 1                ; 1              ;
; tx_pstate.startbit  ; 0                 ; 0                   ; 0                  ; 1                  ; 0                ; 1              ;
; tx_pstate.databits  ; 0                 ; 0                   ; 1                  ; 0                  ; 0                ; 1              ;
; tx_pstate.paritybit ; 0                 ; 1                   ; 0                  ; 0                  ; 0                ; 1              ;
; tx_pstate.stopbit   ; 1                 ; 0                   ; 0                  ; 0                  ; 0                ; 1              ;
+---------------------+-------------------+---------------------+--------------------+--------------------+------------------+----------------+


Encoding Type:  One-Hot
+--------------------------------------------------------------------------------------------------------------------------------+
; State Machine - |TOP_UART2WB|UART2WBM:uart2wbm_i|UART:uart_i|UART_RX:uart_rx_i|fsm_pstate                                      ;
+----------------------+--------------------+----------------------+---------------------+---------------------+-----------------+
; Name                 ; fsm_pstate.stopbit ; fsm_pstate.paritybit ; fsm_pstate.databits ; fsm_pstate.startbit ; fsm_pstate.idle ;
+----------------------+--------------------+----------------------+---------------------+---------------------+-----------------+
; fsm_pstate.idle      ; 0                  ; 0                    ; 0                   ; 0                   ; 0               ;
; fsm_pstate.startbit  ; 0                  ; 0                    ; 0                   ; 1                   ; 1               ;
; fsm_pstate.databits  ; 0                  ; 0                    ; 1                   ; 0                   ; 1               ;
; fsm_pstate.paritybit ; 0                  ; 1                    ; 0                   ; 0                   ; 1               ;
; fsm_pstate.stopbit   ; 1                  ; 0                    ; 0                   ; 0                   ; 1               ;
+----------------------+--------------------+----------------------+---------------------+---------------------+-----------------+


+-----------------------------------------------------------------------------------------------------------------------------------------------+
; Registers Protected by Synthesis                                                                                                              ;
+-------------------------------+------------------------------------------------------------------+--------------------------------------------+
; Register Name                 ; Protected by Synthesis Attribute or Preserve Register Assignment ; Not to be Touched by Netlist Optimizations ;
+-------------------------------+------------------------------------------------------------------+--------------------------------------------+
; RST_SYNC:rst_sync_i|reset_reg ; yes                                                              ; yes                                        ;
; RST_SYNC:rst_sync_i|meta_reg  ; yes                                                              ; yes                                        ;
+-------------------------------+------------------------------------------------------------------+--------------------------------------------+


+-----------------------------------------------------------------------------------------------------------------+
; Registers Removed During Synthesis                                                                              ;
+------------------------------------------------------------------------+----------------------------------------+
; Register name                                                          ; Reason for Removal                     ;
+------------------------------------------------------------------------+----------------------------------------+
; UART2WBM:uart2wbm_i|UART:uart_i|UART_TX:uart_tx_i|tx_pstate.paritybit  ; Stuck at GND due to stuck port data_in ;
; UART2WBM:uart2wbm_i|UART:uart_i|UART_RX:uart_rx_i|fsm_pstate.paritybit ; Stuck at GND due to stuck port data_in ;
; Total Number of Removed Registers = 2                                  ;                                        ;
+------------------------------------------------------------------------+----------------------------------------+


+------------------------------------------------------+
; General Register Statistics                          ;
+----------------------------------------------+-------+
; Statistic                                    ; Value ;
+----------------------------------------------+-------+
; Total registers                              ; 224   ;
; Number of registers using Synchronous Clear  ; 19    ;
; Number of registers using Synchronous Load   ; 1     ;
; Number of registers using Asynchronous Clear ; 2     ;
; Number of registers using Asynchronous Load  ; 0     ;
; Number of registers using Clock Enable       ; 160   ;
; Number of registers using Preset             ; 0     ;
+----------------------------------------------+-------+


+--------------------------------------------------+
; Inverted Register Statistics                     ;
+----------------------------------------+---------+
; Inverted Register                      ; Fan out ;
+----------------------------------------+---------+
; RST_SYNC:rst_sync_i|reset_reg          ; 36      ;
; RST_SYNC:rst_sync_i|meta_reg           ; 1       ;
; Total number of inverted registers = 2 ;         ;
+----------------------------------------+---------+


+---------------------------------------------------------------------------------------------------------------------------------------------------------------------------------------------------------------------------+
; Multiplexer Restructuring Statistics (Restructuring Performed)                                                                                                                                                            ;
+--------------------+-----------+---------------+----------------------+------------------------+------------+-------------------------------------------------------------------------------------------------------------+
; Multiplexer Inputs ; Bus Width ; Baseline Area ; Area if Restructured ; Saving if Restructured ; Registered ; Example Multiplexer Output                                                                                  ;
+--------------------+-----------+---------------+----------------------+------------------------+------------+-------------------------------------------------------------------------------------------------------------+
; 3:1                ; 5 bits    ; 10 LEs        ; 5 LEs                ; 5 LEs                  ; Yes        ; |TOP_UART2WB|UART2WBM:uart2wbm_i|UART:uart_i|UART_CLK_DIV:os_clk_divider_i|clk_div_cnt[4]                   ;
; 4:1                ; 3 bits    ; 6 LEs         ; 3 LEs                ; 3 LEs                  ; Yes        ; |TOP_UART2WB|UART2WBM:uart2wbm_i|UART:uart_i|UART_TX:uart_tx_i|tx_bit_count[0]                              ;
; 4:1                ; 3 bits    ; 6 LEs         ; 3 LEs                ; 3 LEs                  ; Yes        ; |TOP_UART2WB|UART2WBM:uart2wbm_i|UART:uart_i|UART_RX:uart_rx_i|rx_bit_count[2]                              ;
; 4:1                ; 4 bits    ; 8 LEs         ; 4 LEs                ; 4 LEs                  ; Yes        ; |TOP_UART2WB|UART2WBM:uart2wbm_i|UART:uart_i|UART_TX:uart_tx_i|UART_CLK_DIV:tx_clk_divider_i|clk_div_cnt[0] ;
; 4:1                ; 4 bits    ; 8 LEs         ; 4 LEs                ; 4 LEs                  ; Yes        ; |TOP_UART2WB|UART2WBM:uart2wbm_i|UART:uart_i|UART_RX:uart_rx_i|UART_CLK_DIV:rx_clk_divider_i|clk_div_cnt[2] ;
; 5:1                ; 8 bits    ; 24 LEs        ; 24 LEs               ; 0 LEs                  ; Yes        ; |TOP_UART2WB|UART2WBM:uart2wbm_i|UART:uart_i|UART_TX:uart_tx_i|tx_data[6]                                   ;
; 3:1                ; 5 bits    ; 10 LEs        ; 10 LEs               ; 0 LEs                  ; No         ; |TOP_UART2WB|UART2WBM:uart2wbm_i|fsm_pstate                                                                 ;
; 3:1                ; 3 bits    ; 6 LEs         ; 6 LEs                ; 0 LEs                  ; No         ; |TOP_UART2WB|UART2WBM:uart2wbm_i|fsm_pstate                                                                 ;
+--------------------+-----------+---------------+----------------------+------------------------+------------+-------------------------------------------------------------------------------------------------------------+


+-------------------------------------------------------------------------+
; Source assignments for RST_SYNC:rst_sync_i                              ;
+-----------------------------+------------------------+------+-----------+
; Assignment                  ; Value                  ; From ; To        ;
+-----------------------------+------------------------+------+-----------+
; SYNCHRONIZER_IDENTIFICATION ; FORCED IF ASYNCHRONOUS ; -    ; meta_reg  ;
; PRESERVE_REGISTER           ; on                     ; -    ; meta_reg  ;
; SYNCHRONIZER_IDENTIFICATION ; FORCED IF ASYNCHRONOUS ; -    ; reset_reg ;
; PRESERVE_REGISTER           ; on                     ; -    ; reset_reg ;
+-----------------------------+------------------------+------+-----------+


+------------------------------------------------------------------+
; Parameter Settings for User Entity Instance: UART2WBM:uart2wbm_i ;
+----------------+----------+--------------------------------------+
; Parameter Name ; Value    ; Type                                 ;
+----------------+----------+--------------------------------------+
; clk_freq       ; 50000000 ; Signed Integer                       ;
; baud_rate      ; 115200   ; Signed Integer                       ;
+----------------+----------+--------------------------------------+
Note: In order to hide this table in the UI and the text report file, please set the "Show Parameter Settings in Synthesis Report" option in "Analysis and Synthesis Settings -> More Settings" to "Off".


+------------------------------------------------------------------------------+
; Parameter Settings for User Entity Instance: UART2WBM:uart2wbm_i|UART:uart_i ;
+----------------+----------+--------------------------------------------------+
; Parameter Name ; Value    ; Type                                             ;
+----------------+----------+--------------------------------------------------+
; CLK_FREQ       ; 50000000 ; Signed Integer                                   ;
; BAUD_RATE      ; 115200   ; Signed Integer                                   ;
; PARITY_BIT     ; none     ; String                                           ;
; USE_DEBOUNCER  ; true     ; Enumerated                                       ;
+----------------+----------+--------------------------------------------------+
Note: In order to hide this table in the UI and the text report file, please set the "Show Parameter Settings in Synthesis Report" option in "Analysis and Synthesis Settings -> More Settings" to "Off".


+------------------------------------------------------------------------------------------------------------+
; Parameter Settings for User Entity Instance: UART2WBM:uart2wbm_i|UART:uart_i|UART_CLK_DIV:os_clk_divider_i ;
+----------------+-------+-----------------------------------------------------------------------------------+
; Parameter Name ; Value ; Type                                                                              ;
+----------------+-------+-----------------------------------------------------------------------------------+
; div_max_val    ; 27    ; Signed Integer                                                                    ;
; div_mark_pos   ; 26    ; Signed Integer                                                                    ;
+----------------+-------+-----------------------------------------------------------------------------------+
Note: In order to hide this table in the UI and the text report file, please set the "Show Parameter Settings in Synthesis Report" option in "Analysis and Synthesis Settings -> More Settings" to "Off".


+--------------------------------------------------------------------------------------------------------------------------+
; Parameter Settings for User Entity Instance: UART2WBM:uart2wbm_i|UART:uart_i|UART_DEBOUNCER:\use_debouncer_g:debouncer_i ;
+----------------+-------+-------------------------------------------------------------------------------------------------+
; Parameter Name ; Value ; Type                                                                                            ;
+----------------+-------+-------------------------------------------------------------------------------------------------+
; latency        ; 4     ; Signed Integer                                                                                  ;
+----------------+-------+-------------------------------------------------------------------------------------------------+
Note: In order to hide this table in the UI and the text report file, please set the "Show Parameter Settings in Synthesis Report" option in "Analysis and Synthesis Settings -> More Settings" to "Off".


+------------------------------------------------------------------------------------------------+
; Parameter Settings for User Entity Instance: UART2WBM:uart2wbm_i|UART:uart_i|UART_RX:uart_rx_i ;
+----------------+-------+-----------------------------------------------------------------------+
; Parameter Name ; Value ; Type                                                                  ;
+----------------+-------+-----------------------------------------------------------------------+
; clk_div_val    ; 16    ; Signed Integer                                                        ;
; parity_bit     ; none  ; String                                                                ;
+----------------+-------+-----------------------------------------------------------------------+
Note: In order to hide this table in the UI and the text report file, please set the "Show Parameter Settings in Synthesis Report" option in "Analysis and Synthesis Settings -> More Settings" to "Off".


+------------------------------------------------------------------------------------------------------------------------------+
; Parameter Settings for User Entity Instance: UART2WBM:uart2wbm_i|UART:uart_i|UART_RX:uart_rx_i|UART_CLK_DIV:rx_clk_divider_i ;
+----------------+-------+-----------------------------------------------------------------------------------------------------+
; Parameter Name ; Value ; Type                                                                                                ;
+----------------+-------+-----------------------------------------------------------------------------------------------------+
; div_max_val    ; 16    ; Signed Integer                                                                                      ;
; div_mark_pos   ; 3     ; Signed Integer                                                                                      ;
+----------------+-------+-----------------------------------------------------------------------------------------------------+
Note: In order to hide this table in the UI and the text report file, please set the "Show Parameter Settings in Synthesis Report" option in "Analysis and Synthesis Settings -> More Settings" to "Off".


+------------------------------------------------------------------------------------------------+
; Parameter Settings for User Entity Instance: UART2WBM:uart2wbm_i|UART:uart_i|UART_TX:uart_tx_i ;
+----------------+-------+-----------------------------------------------------------------------+
; Parameter Name ; Value ; Type                                                                  ;
+----------------+-------+-----------------------------------------------------------------------+
; clk_div_val    ; 16    ; Signed Integer                                                        ;
; parity_bit     ; none  ; String                                                                ;
+----------------+-------+-----------------------------------------------------------------------+
Note: In order to hide this table in the UI and the text report file, please set the "Show Parameter Settings in Synthesis Report" option in "Analysis and Synthesis Settings -> More Settings" to "Off".


+------------------------------------------------------------------------------------------------------------------------------+
; Parameter Settings for User Entity Instance: UART2WBM:uart2wbm_i|UART:uart_i|UART_TX:uart_tx_i|UART_CLK_DIV:tx_clk_divider_i ;
+----------------+-------+-----------------------------------------------------------------------------------------------------+
; Parameter Name ; Value ; Type                                                                                                ;
+----------------+-------+-----------------------------------------------------------------------------------------------------+
; div_max_val    ; 16    ; Signed Integer                                                                                      ;
; div_mark_pos   ; 1     ; Signed Integer                                                                                      ;
+----------------+-------+-----------------------------------------------------------------------------------------------------+
Note: In order to hide this table in the UI and the text report file, please set the "Show Parameter Settings in Synthesis Report" option in "Analysis and Synthesis Settings -> More Settings" to "Off".


+-------------------------------------------------------------------------------------------+
; Port Connectivity Checks: "UART2WBM:uart2wbm_i|UART:uart_i|UART_CLK_DIV:os_clk_divider_i" ;
+--------+-------+----------+---------------------------------------------------------------+
; Port   ; Type  ; Severity ; Details                                                       ;
+--------+-------+----------+---------------------------------------------------------------+
; enable ; Input ; Info     ; Stuck at VCC                                                  ;
+--------+-------+----------+---------------------------------------------------------------+


+------------------------------------------------------------------------------------------------------------------------+
; Port Connectivity Checks: "UART2WBM:uart2wbm_i|UART:uart_i"                                                            ;
+--------------+--------+----------+-------------------------------------------------------------------------------------+
; Port         ; Type   ; Severity ; Details                                                                             ;
+--------------+--------+----------+-------------------------------------------------------------------------------------+
; frame_error  ; Output ; Info     ; Connected to dangling logic. Logic that only feeds a dangling port will be removed. ;
; parity_error ; Output ; Info     ; Connected to dangling logic. Logic that only feeds a dangling port will be removed. ;
+--------------+--------+----------+-------------------------------------------------------------------------------------+


+-------------------------------------------------+
; Port Connectivity Checks: "UART2WBM:uart2wbm_i" ;
+----------+-------+----------+-------------------+
; Port     ; Type  ; Severity ; Details           ;
+----------+-------+----------+-------------------+
; wb_stall ; Input ; Info     ; Stuck at GND      ;
+----------+-------+----------+-------------------+


+-------------------------------+
; Elapsed Time Per Partition    ;
+----------------+--------------+
; Partition Name ; Elapsed Time ;
+----------------+--------------+
; Top            ; 00:00:00     ;
+----------------+--------------+


+-------------------------------+
; Analysis & Synthesis Messages ;
+-------------------------------+
Info: *******************************************************************
Info: Running Quartus II 64-Bit Analysis & Synthesis
    Info: Version 13.0.1 Build 232 06/12/2013 Service Pack 1 SJ Web Edition
    Info: Processing started: Wed Feb 01 20:07:44 2023
Info: Command: quartus_map --read_settings_files=on --write_settings_files=off md5-cracker -c md5-cracker
Warning (20028): Parallel compilation is not licensed and has been disabled
Info (12021): Found 2 design units, including 1 entities, in source file common/rst_sync.vhd
    Info (12022): Found design unit 1: RST_SYNC-RTL
    Info (12023): Found entity 1: RST_SYNC
Info (12021): Found 2 design units, including 1 entities, in source file uart2wbm.vhd
    Info (12022): Found design unit 1: UART2WBM-RTL
    Info (12023): Found entity 1: UART2WBM
Info (12021): Found 2 design units, including 1 entities, in source file uart-for-fpga/rtl/uart.vhd
    Info (12022): Found design unit 1: UART-RTL
    Info (12023): Found entity 1: UART
Info (12021): Found 2 design units, including 1 entities, in source file uart-for-fpga/rtl/comp/uart_tx.vhd
    Info (12022): Found design unit 1: UART_TX-RTL
    Info (12023): Found entity 1: UART_TX
Info (12021): Found 2 design units, including 1 entities, in source file uart-for-fpga/rtl/comp/uart_rx.vhd
    Info (12022): Found design unit 1: UART_RX-RTL
    Info (12023): Found entity 1: UART_RX
Info (12021): Found 2 design units, including 1 entities, in source file uart-for-fpga/rtl/comp/uart_parity.vhd
    Info (12022): Found design unit 1: UART_PARITY-RTL
    Info (12023): Found entity 1: UART_PARITY
Info (12021): Found 2 design units, including 1 entities, in source file uart-for-fpga/rtl/comp/uart_debouncer.vhd
    Info (12022): Found design unit 1: UART_DEBOUNCER-RTL
    Info (12023): Found entity 1: UART_DEBOUNCER
Info (12021): Found 2 design units, including 1 entities, in source file uart-for-fpga/rtl/comp/uart_clk_div.vhd
    Info (12022): Found design unit 1: UART_CLK_DIV-RTL
    Info (12023): Found entity 1: UART_CLK_DIV
Info (12021): Found 1 design units, including 1 entities, in source file md5_pipelined/md5core.v
    Info (12023): Found entity 1: Md5Core
Info (12021): Found 2 design units, including 1 entities, in source file top_uart2wb.vhd
    Info (12022): Found design unit 1: TOP_UART2WB-RTL
    Info (12023): Found entity 1: TOP_UART2WB
Info (12127): Elaborating entity "top_uart2wb" for the top level hierarchy
Info (12128): Elaborating entity "RST_SYNC" for hierarchy "RST_SYNC:rst_sync_i"
Info (12128): Elaborating entity "UART2WBM" for hierarchy "UART2WBM:uart2wbm_i"
Info (12128): Elaborating entity "UART" for hierarchy "UART2WBM:uart2wbm_i|UART:uart_i"
Info (12128): Elaborating entity "UART_CLK_DIV" for hierarchy "UART2WBM:uart2wbm_i|UART:uart_i|UART_CLK_DIV:os_clk_divider_i"
Info (12128): Elaborating entity "UART_DEBOUNCER" for hierarchy "UART2WBM:uart2wbm_i|UART:uart_i|UART_DEBOUNCER:\use_debouncer_g:debouncer_i"
Info (12128): Elaborating entity "UART_RX" for hierarchy "UART2WBM:uart2wbm_i|UART:uart_i|UART_RX:uart_rx_i"
Info (12128): Elaborating entity "UART_CLK_DIV" for hierarchy "UART2WBM:uart2wbm_i|UART:uart_i|UART_RX:uart_rx_i|UART_CLK_DIV:rx_clk_divider_i"
Info (12128): Elaborating entity "UART_TX" for hierarchy "UART2WBM:uart2wbm_i|UART:uart_i|UART_TX:uart_tx_i"
Info (12128): Elaborating entity "UART_CLK_DIV" for hierarchy "UART2WBM:uart2wbm_i|UART:uart_i|UART_TX:uart_tx_i|UART_CLK_DIV:tx_clk_divider_i"
Info (13000): Registers with preset signals will power-up high
Info (13003): DEV_CLRn pin will set, and not reset, register with preset signal due to NOT Gate Push-Back
Info (16010): Generating hard_block partition "hard_block:auto_generated_inst"
    Info (16011): Adding 0 node(s), including 0 DDIO, 0 PLL, 0 transceiver and 0 LCELL
Info (21057): Implemented 279 device resources after synthesis - the final resource count might be different
    Info (21058): Implemented 3 input pins
    Info (21059): Implemented 1 output pins
    Info (21061): Implemented 275 logic cells
Info: Quartus II 64-Bit Analysis & Synthesis was successful. 0 errors, 1 warning
    Info: Peak virtual memory: 4637 megabytes
    Info: Processing ended: Wed Feb 01 20:07:45 2023
    Info: Elapsed time: 00:00:01
    Info: Total CPU time (on all processors): 00:00:02


